Connecting to database specified by database.yml
  [1m[36m (0.1ms)[0m  [1mselect sqlite_version(*)[0m
  [1m[35m (1.1ms)[0m  CREATE TABLE "schema_migrations" ("version" varchar(255) NOT NULL) 
  [1m[36m (0.9ms)[0m  [1mCREATE UNIQUE INDEX "unique_schema_migrations" ON "schema_migrations" ("version")[0m
  [1m[35m (0.1ms)[0m  SELECT "schema_migrations"."version" FROM "schema_migrations" 
Migrating to CreateArticles (20121203040536)
  [1m[36m (0.0ms)[0m  [1mbegin transaction[0m
  [1m[35m (0.6ms)[0m  CREATE TABLE "articles" ("id" INTEGER PRIMARY KEY AUTOINCREMENT NOT NULL, "name" varchar(255), "content" text, "created_at" datetime NOT NULL, "updated_at" datetime NOT NULL) 
  [1m[36m (0.1ms)[0m  [1mINSERT INTO "schema_migrations" ("version") VALUES ('20121203040536')[0m
  [1m[35m (0.7ms)[0m  commit transaction
Migrating to CreateComments (20130114221513)
  [1m[36m (0.0ms)[0m  [1mbegin transaction[0m
  [1m[35m (0.4ms)[0m  CREATE TABLE "comments" ("id" INTEGER PRIMARY KEY AUTOINCREMENT NOT NULL, "article_id" integer, "name" varchar(255), "content" text, "created_at" datetime NOT NULL, "updated_at" datetime NOT NULL) 
  [1m[36m (0.1ms)[0m  [1mCREATE INDEX "index_comments_on_article_id" ON "comments" ("article_id")[0m
  [1m[35m (0.1ms)[0m  INSERT INTO "schema_migrations" ("version") VALUES ('20130114221513')
  [1m[36m (0.9ms)[0m  [1mcommit transaction[0m
  [1m[35m (0.1ms)[0m  SELECT "schema_migrations"."version" FROM "schema_migrations" 


Started GET "/" for 127.0.0.1 at 2013-09-07 16:55:57 -0400
Connecting to database specified by database.yml
Processing by ArticlesController#index as HTML
  [1m[36mArticle Load (0.1ms)[0m  [1mSELECT "articles".* FROM "articles" [0m
  Rendered articles/index.html.erb within layouts/application (1.5ms)
Compiled articles.css  (12ms)  (pid 1562)
Compiled comments.css  (1ms)  (pid 1562)
Compiled layout.css  (14ms)  (pid 1562)
Compiled application.css  (38ms)  (pid 1562)
Compiled jquery.js  (4ms)  (pid 1562)
Compiled jquery_ujs.js  (0ms)  (pid 1562)
Compiled articles.js  (98ms)  (pid 1562)
Compiled comments.js  (122ms)  (pid 1562)
Compiled application.js  (249ms)  (pid 1562)
Completed 200 OK in 394ms (Views: 379.9ms | ActiveRecord: 1.0ms)


Started GET "/" for 127.0.0.1 at 2013-09-07 16:55:58 -0400
Processing by ArticlesController#index as HTML
  [1m[35mArticle Load (0.3ms)[0m  SELECT "articles".* FROM "articles" 
  Rendered articles/index.html.erb within layouts/application (1.0ms)
Completed 200 OK in 13ms (Views: 11.5ms | ActiveRecord: 0.3ms)


Started GET "/assets/application.css?body=1" for 127.0.0.1 at 2013-09-07 16:55:58 -0400
Served asset /application.css - 200 OK (22ms)


Started GET "/assets/articles.css?body=1" for 127.0.0.1 at 2013-09-07 16:55:58 -0400
Served asset /articles.css - 200 OK (2ms)


Started GET "/assets/layout.css?body=1" for 127.0.0.1 at 2013-09-07 16:55:58 -0400
Served asset /layout.css - 200 OK (5ms)


Started GET "/assets/comments.css?body=1" for 127.0.0.1 at 2013-09-07 16:55:58 -0400
Served asset /comments.css - 304 Not Modified (1ms)


Started GET "/assets/jquery.js?body=1" for 127.0.0.1 at 2013-09-07 16:55:58 -0400
Served asset /jquery.js - 200 OK (5ms)


Started GET "/assets/jquery_ujs.js?body=1" for 127.0.0.1 at 2013-09-07 16:55:58 -0400
Served asset /jquery_ujs.js - 200 OK (3ms)


Started GET "/assets/articles.js?body=1" for 127.0.0.1 at 2013-09-07 16:55:58 -0400
Served asset /articles.js - 304 Not Modified (2ms)


Started GET "/assets/application.css?body=1" for 127.0.0.1 at 2013-09-07 16:55:58 -0400
Served asset /application.css - 304 Not Modified (0ms)


Started GET "/assets/articles.css?body=1" for 127.0.0.1 at 2013-09-07 16:55:58 -0400
Served asset /articles.css - 304 Not Modified (0ms)


Started GET "/assets/layout.css?body=1" for 127.0.0.1 at 2013-09-07 16:55:58 -0400
Served asset /layout.css - 304 Not Modified (0ms)


Started GET "/assets/jquery.js?body=1" for 127.0.0.1 at 2013-09-07 16:55:58 -0400
Served asset /jquery.js - 304 Not Modified (0ms)


Started GET "/assets/comments.css?body=1" for 127.0.0.1 at 2013-09-07 16:55:58 -0400
Served asset /comments.css - 304 Not Modified (0ms)


Started GET "/assets/jquery_ujs.js?body=1" for 127.0.0.1 at 2013-09-07 16:55:58 -0400
Served asset /jquery_ujs.js - 304 Not Modified (0ms)


Started GET "/assets/articles.js?body=1" for 127.0.0.1 at 2013-09-07 16:55:58 -0400
Served asset /articles.js - 304 Not Modified (0ms)


Started GET "/assets/comments.js?body=1" for 127.0.0.1 at 2013-09-07 16:55:58 -0400
Served asset /comments.js - 304 Not Modified (2ms)


Started GET "/assets/application.js?body=1" for 127.0.0.1 at 2013-09-07 16:55:58 -0400
Served asset /application.js - 200 OK (9ms)


Started GET "/assets/comments.js?body=1" for 127.0.0.1 at 2013-09-07 16:55:58 -0400
Served asset /comments.js - 304 Not Modified (0ms)


Started GET "/assets/application.js?body=1" for 127.0.0.1 at 2013-09-07 16:55:58 -0400
Served asset /application.js - 304 Not Modified (0ms)


Started GET "/articles/new" for 127.0.0.1 at 2013-09-07 16:56:00 -0400
Processing by ArticlesController#new as HTML
  Rendered articles/_form.html.erb (7.3ms)
  Rendered articles/new.html.erb within layouts/application (10.1ms)
Completed 200 OK in 47ms (Views: 15.1ms | ActiveRecord: 0.0ms)


Started GET "/assets/application.css?body=1" for 127.0.0.1 at 2013-09-07 16:56:00 -0400
Served asset /application.css - 304 Not Modified (0ms)


Started GET "/assets/layout.css?body=1" for 127.0.0.1 at 2013-09-07 16:56:00 -0400
Served asset /layout.css - 304 Not Modified (0ms)


Started GET "/assets/jquery.js?body=1" for 127.0.0.1 at 2013-09-07 16:56:00 -0400
Served asset /jquery.js - 304 Not Modified (0ms)


Started GET "/assets/jquery_ujs.js?body=1" for 127.0.0.1 at 2013-09-07 16:56:00 -0400
Served asset /jquery_ujs.js - 304 Not Modified (0ms)


Started GET "/assets/articles.css?body=1" for 127.0.0.1 at 2013-09-07 16:56:00 -0400
Served asset /articles.css - 304 Not Modified (0ms)


Started GET "/assets/comments.css?body=1" for 127.0.0.1 at 2013-09-07 16:56:00 -0400
Served asset /comments.css - 304 Not Modified (0ms)


Started GET "/assets/articles.js?body=1" for 127.0.0.1 at 2013-09-07 16:56:00 -0400
Served asset /articles.js - 304 Not Modified (0ms)


Started GET "/assets/comments.js?body=1" for 127.0.0.1 at 2013-09-07 16:56:00 -0400
Served asset /comments.js - 304 Not Modified (0ms)


Started GET "/assets/application.js?body=1" for 127.0.0.1 at 2013-09-07 16:56:00 -0400
Served asset /application.js - 304 Not Modified (0ms)


Started POST "/articles" for 127.0.0.1 at 2013-09-07 16:56:13 -0400
Processing by ArticlesController#create as HTML
  Parameters: {"utf8"=>"✓", "authenticity_token"=>"v31gFAyGEgkiiwhlq6iCliODVkkutcv3rezfSK56/eQ=", "article"=>{"name"=>"Article1", "content"=>"Here you go"}, "commit"=>"Post Comment"}
  [1m[36m (0.1ms)[0m  [1mbegin transaction[0m
  [1m[35mSQL (3.5ms)[0m  INSERT INTO "articles" ("content", "created_at", "name", "updated_at") VALUES (?, ?, ?, ?)  [["content", "Here you go"], ["created_at", Sat, 07 Sep 2013 20:56:13 UTC +00:00], ["name", "Article1"], ["updated_at", Sat, 07 Sep 2013 20:56:13 UTC +00:00]]
  [1m[36m (0.6ms)[0m  [1mcommit transaction[0m
Redirected to http://localhost:3000/articles
Completed 302 Found in 9ms (ActiveRecord: 4.3ms)


Started GET "/articles" for 127.0.0.1 at 2013-09-07 16:56:13 -0400
Processing by ArticlesController#index as HTML
  [1m[35mArticle Load (0.3ms)[0m  SELECT "articles".* FROM "articles" 
  Rendered articles/index.html.erb within layouts/application (5.0ms)
Completed 200 OK in 11ms (Views: 10.0ms | ActiveRecord: 0.3ms)


Started GET "/assets/application.css?body=1" for 127.0.0.1 at 2013-09-07 16:56:13 -0400
Served asset /application.css - 304 Not Modified (0ms)


Started GET "/assets/jquery_ujs.js?body=1" for 127.0.0.1 at 2013-09-07 16:56:13 -0400
Served asset /jquery_ujs.js - 304 Not Modified (0ms)


Started GET "/assets/jquery.js?body=1" for 127.0.0.1 at 2013-09-07 16:56:13 -0400
Served asset /jquery.js - 304 Not Modified (0ms)


Started GET "/assets/comments.css?body=1" for 127.0.0.1 at 2013-09-07 16:56:13 -0400
Served asset /comments.css - 304 Not Modified (0ms)


Started GET "/assets/articles.css?body=1" for 127.0.0.1 at 2013-09-07 16:56:13 -0400
Served asset /articles.css - 304 Not Modified (0ms)


Started GET "/assets/layout.css?body=1" for 127.0.0.1 at 2013-09-07 16:56:13 -0400
Served asset /layout.css - 304 Not Modified (0ms)


Started GET "/assets/articles.js?body=1" for 127.0.0.1 at 2013-09-07 16:56:13 -0400
Served asset /articles.js - 304 Not Modified (0ms)


Started GET "/assets/comments.js?body=1" for 127.0.0.1 at 2013-09-07 16:56:13 -0400
Served asset /comments.js - 304 Not Modified (0ms)


Started GET "/assets/application.js?body=1" for 127.0.0.1 at 2013-09-07 16:56:13 -0400
Served asset /application.js - 304 Not Modified (0ms)


Started GET "/articles/1" for 127.0.0.1 at 2013-09-07 16:56:31 -0400
Processing by ArticlesController#show as HTML
  Parameters: {"id"=>"1"}
  [1m[36mArticle Load (0.2ms)[0m  [1mSELECT "articles".* FROM "articles" WHERE "articles"."id" = ? LIMIT 1[0m  [["id", "1"]]
  [1m[35mComment Load (0.1ms)[0m  SELECT "comments".* FROM "comments" WHERE "comments"."article_id" = 1
  Rendered collection (0.0ms)
  Rendered comments/_form.html.erb (3.8ms)
  Rendered articles/show.html.erb within layouts/application (17.9ms)
Completed 200 OK in 60ms (Views: 24.1ms | ActiveRecord: 0.6ms)


Started GET "/assets/application.css?body=1" for 127.0.0.1 at 2013-09-07 16:56:31 -0400
Served asset /application.css - 304 Not Modified (0ms)


Started GET "/assets/jquery_ujs.js?body=1" for 127.0.0.1 at 2013-09-07 16:56:31 -0400
Served asset /jquery_ujs.js - 304 Not Modified (0ms)


Started GET "/assets/articles.css?body=1" for 127.0.0.1 at 2013-09-07 16:56:31 -0400
Served asset /articles.css - 304 Not Modified (0ms)


Started GET "/assets/jquery.js?body=1" for 127.0.0.1 at 2013-09-07 16:56:31 -0400
Served asset /jquery.js - 304 Not Modified (0ms)


Started GET "/assets/layout.css?body=1" for 127.0.0.1 at 2013-09-07 16:56:31 -0400
Served asset /layout.css - 304 Not Modified (0ms)


Started GET "/assets/comments.css?body=1" for 127.0.0.1 at 2013-09-07 16:56:31 -0400
Served asset /comments.css - 304 Not Modified (0ms)


Started GET "/assets/articles.js?body=1" for 127.0.0.1 at 2013-09-07 16:56:31 -0400
Served asset /articles.js - 304 Not Modified (0ms)


Started GET "/assets/comments.js?body=1" for 127.0.0.1 at 2013-09-07 16:56:31 -0400
Served asset /comments.js - 304 Not Modified (0ms)


Started GET "/assets/application.js?body=1" for 127.0.0.1 at 2013-09-07 16:56:31 -0400
Served asset /application.js - 304 Not Modified (0ms)


Started POST "/articles/1/comments" for 127.0.0.1 at 2013-09-07 16:56:42 -0400
Processing by CommentsController#create as HTML
  Parameters: {"utf8"=>"✓", "authenticity_token"=>"v31gFAyGEgkiiwhlq6iCliODVkkutcv3rezfSK56/eQ=", "comment"=>{"name"=>"Ken", "content"=>"I have complain for you."}, "commit"=>"Create Comment", "article_id"=>"1"}
  [1m[36mArticle Load (0.1ms)[0m  [1mSELECT "articles".* FROM "articles" WHERE "articles"."id" = ? LIMIT 1[0m  [["id", "1"]]
  [1m[35m (0.1ms)[0m  begin transaction
  [1m[36mSQL (0.7ms)[0m  [1mINSERT INTO "comments" ("article_id", "content", "created_at", "name", "updated_at") VALUES (?, ?, ?, ?, ?)[0m  [["article_id", 1], ["content", "I have complain for you."], ["created_at", Sat, 07 Sep 2013 20:56:42 UTC +00:00], ["name", "Ken"], ["updated_at", Sat, 07 Sep 2013 20:56:42 UTC +00:00]]
  [1m[35m (0.7ms)[0m  commit transaction
Redirected to http://localhost:3000/articles/1
Completed 302 Found in 8ms (ActiveRecord: 1.6ms)


Started GET "/articles/1" for 127.0.0.1 at 2013-09-07 16:56:42 -0400
Processing by ArticlesController#show as HTML
  Parameters: {"id"=>"1"}
  [1m[36mArticle Load (0.1ms)[0m  [1mSELECT "articles".* FROM "articles" WHERE "articles"."id" = ? LIMIT 1[0m  [["id", "1"]]
  [1m[35mComment Load (0.2ms)[0m  SELECT "comments".* FROM "comments" WHERE "comments"."article_id" = 1
  Rendered comments/_comment.html.erb (1.0ms)
  Rendered comments/_form.html.erb (1.8ms)
  Rendered articles/show.html.erb within layouts/application (6.4ms)
Completed 200 OK in 13ms (Views: 11.7ms | ActiveRecord: 0.3ms)


Started GET "/assets/application.css?body=1" for 127.0.0.1 at 2013-09-07 16:56:42 -0400
Served asset /application.css - 304 Not Modified (0ms)


Started GET "/assets/layout.css?body=1" for 127.0.0.1 at 2013-09-07 16:56:42 -0400
Served asset /layout.css - 304 Not Modified (0ms)


Started GET "/assets/articles.css?body=1" for 127.0.0.1 at 2013-09-07 16:56:42 -0400
Served asset /articles.css - 304 Not Modified (0ms)


Started GET "/assets/jquery.js?body=1" for 127.0.0.1 at 2013-09-07 16:56:42 -0400
Served asset /jquery.js - 304 Not Modified (0ms)


Started GET "/assets/comments.css?body=1" for 127.0.0.1 at 2013-09-07 16:56:42 -0400
Served asset /comments.css - 304 Not Modified (0ms)


Started GET "/assets/articles.js?body=1" for 127.0.0.1 at 2013-09-07 16:56:42 -0400
Served asset /articles.js - 304 Not Modified (0ms)


Started GET "/assets/jquery_ujs.js?body=1" for 127.0.0.1 at 2013-09-07 16:56:42 -0400
Served asset /jquery_ujs.js - 304 Not Modified (0ms)


Started GET "/assets/comments.js?body=1" for 127.0.0.1 at 2013-09-07 16:56:42 -0400
Served asset /comments.js - 304 Not Modified (0ms)


Started GET "/assets/application.js?body=1" for 127.0.0.1 at 2013-09-07 16:56:42 -0400
Served asset /application.js - 304 Not Modified (0ms)
